<?xml version="1.0" encoding="UTF-8"?>
<testng-results skipped="1" failed="0" total="1" passed="0">
  <reporter-output>
  </reporter-output>
  <suite name="Default suite" duration-ms="22" started-at="2020-04-09T19:03:32Z" finished-at="2020-04-09T19:03:32Z">
    <groups>
    </groups>
    <test name="Default test" duration-ms="22" started-at="2020-04-09T19:03:32Z" finished-at="2020-04-09T19:03:32Z">
      <class name="dataDrivenTesting.DataDrivenTest_POSTRequest">
        <test-method status="SKIP" signature="AddDetailsOffNewEmployee(java.lang.String, java.lang.String, java.lang.String)[pri:0, instance:dataDrivenTesting.DataDrivenTest_POSTRequest@d7b1517]" name="AddDetailsOffNewEmployee" duration-ms="0" started-at="2020-04-10T00:33:32Z" data-provider="empdataprovider" finished-at="2020-04-10T00:33:32Z">
          <exception class="org.testng.TestNGException">
            <message>
              <![CDATA[
Method public void dataDrivenTesting.DataDrivenTest_POSTRequest.AddDetailsOffNewEmployee(java.lang.String,java.lang.String,java.lang.String) requires a @DataProvider named : empdataprovider]]>
            </message>
            <full-stacktrace>
              <![CDATA[org.testng.TestNGException: 
Method public void dataDrivenTesting.DataDrivenTest_POSTRequest.AddDetailsOffNewEmployee(java.lang.String,java.lang.String,java.lang.String) requires a @DataProvider named : empdataprovider
	at org.testng.internal.Parameters.findDataProvider(Parameters.java:263)
	at org.testng.internal.Parameters.handleParameters(Parameters.java:419)
	at org.testng.internal.Invoker.handleParameters(Invoker.java:1276)
	at org.testng.internal.Invoker.createParameters(Invoker.java:991)
	at org.testng.internal.Invoker.invokeTestMethods(Invoker.java:1081)
	at org.testng.internal.TestMethodWorker.invokeTestMethods(TestMethodWorker.java:129)
	at org.testng.internal.TestMethodWorker.run(TestMethodWorker.java:112)
	at org.testng.TestRunner.privateRun(TestRunner.java:782)
	at org.testng.TestRunner.run(TestRunner.java:632)
	at org.testng.SuiteRunner.runTest(SuiteRunner.java:366)
	at org.testng.SuiteRunner.runSequentially(SuiteRunner.java:361)
	at org.testng.SuiteRunner.privateRun(SuiteRunner.java:319)
	at org.testng.SuiteRunner.run(SuiteRunner.java:268)
	at org.testng.SuiteRunnerWorker.runSuite(SuiteRunnerWorker.java:52)
	at org.testng.SuiteRunnerWorker.run(SuiteRunnerWorker.java:86)
	at org.testng.TestNG.runSuitesSequentially(TestNG.java:1244)
	at org.testng.TestNG.runSuitesLocally(TestNG.java:1169)
	at org.testng.TestNG.run(TestNG.java:1064)
	at org.testng.remote.RemoteTestNG.run(RemoteTestNG.java:113)
	at org.testng.remote.RemoteTestNG.initAndRun(RemoteTestNG.java:206)
	at org.testng.remote.RemoteTestNG.main(RemoteTestNG.java:177)
]]>
            </full-stacktrace>
          </exception> <!-- org.testng.TestNGException -->
          <reporter-output>
          </reporter-output>
        </test-method> <!-- AddDetailsOffNewEmployee -->
      </class> <!-- dataDrivenTesting.DataDrivenTest_POSTRequest -->
    </test> <!-- Default test -->
  </suite> <!-- Default suite -->
</testng-results>
